-- Install configuration: ""
-- Up-to-date: /home/aristizabal/microros_ws/install/velocity_publisher/share/velocity_publisher//scripts
-- Up-to-date: /home/aristizabal/microros_ws/install/velocity_publisher/share/velocity_publisher//scripts/move_robot_service.py
-- Up-to-date: /home/aristizabal/microros_ws/install/velocity_publisher/share/velocity_publisher//scripts/move_robot_client.py
-- Installing: /home/aristizabal/microros_ws/install/velocity_publisher/share/velocity_publisher//scripts/robot_control_cmd_vel.py
-- Up-to-date: /home/aristizabal/microros_ws/install/velocity_publisher/share/velocity_publisher//launch
-- Up-to-date: /home/aristizabal/microros_ws/install/velocity_publisher/share/velocity_publisher//launch/brazo_rover_control.launch.py
-- Installing: /home/aristizabal/microros_ws/install/velocity_publisher/lib/velocity_publisher/robot_control_cmd_vel.py
-- Up-to-date: /home/aristizabal/microros_ws/install/velocity_publisher/lib/velocity_publisher/move_robot_service.py
-- Up-to-date: /home/aristizabal/microros_ws/install/velocity_publisher/lib/velocity_publisher/brazo_rover_control.launch.py
-- Up-to-date: /home/aristizabal/microros_ws/install/velocity_publisher/share/ament_index/resource_index/package_run_dependencies/velocity_publisher
-- Up-to-date: /home/aristizabal/microros_ws/install/velocity_publisher/share/ament_index/resource_index/parent_prefix_path/velocity_publisher
-- Up-to-date: /home/aristizabal/microros_ws/install/velocity_publisher/share/velocity_publisher/environment/ament_prefix_path.sh
-- Up-to-date: /home/aristizabal/microros_ws/install/velocity_publisher/share/velocity_publisher/environment/ament_prefix_path.dsv
-- Up-to-date: /home/aristizabal/microros_ws/install/velocity_publisher/share/velocity_publisher/environment/path.sh
-- Up-to-date: /home/aristizabal/microros_ws/install/velocity_publisher/share/velocity_publisher/environment/path.dsv
-- Up-to-date: /home/aristizabal/microros_ws/install/velocity_publisher/share/velocity_publisher/local_setup.bash
-- Up-to-date: /home/aristizabal/microros_ws/install/velocity_publisher/share/velocity_publisher/local_setup.sh
-- Up-to-date: /home/aristizabal/microros_ws/install/velocity_publisher/share/velocity_publisher/local_setup.zsh
-- Up-to-date: /home/aristizabal/microros_ws/install/velocity_publisher/share/velocity_publisher/local_setup.dsv
-- Installing: /home/aristizabal/microros_ws/install/velocity_publisher/share/velocity_publisher/package.dsv
-- Up-to-date: /home/aristizabal/microros_ws/install/velocity_publisher/share/ament_index/resource_index/packages/velocity_publisher
-- Up-to-date: /home/aristizabal/microros_ws/install/velocity_publisher/share/velocity_publisher/cmake/velocity_publisherConfig.cmake
-- Up-to-date: /home/aristizabal/microros_ws/install/velocity_publisher/share/velocity_publisher/cmake/velocity_publisherConfig-version.cmake
-- Up-to-date: /home/aristizabal/microros_ws/install/velocity_publisher/share/velocity_publisher/package.xml
