[0.024s] Invoking command in '/home/aristizabal/microros_ws/build/velocity_publisher': CMAKE_PREFIX_PATH=${CMAKE_PREFIX_PATH}:/opt/ros/jazzy DEBUGINFOD_URLS=https://debuginfod.ubuntu.com /usr/bin/cmake --build /home/aristizabal/microros_ws/build/velocity_publisher -- -j8 -l8
[0.117s] Invoked command in '/home/aristizabal/microros_ws/build/velocity_publisher' returned '0': CMAKE_PREFIX_PATH=${CMAKE_PREFIX_PATH}:/opt/ros/jazzy DEBUGINFOD_URLS=https://debuginfod.ubuntu.com /usr/bin/cmake --build /home/aristizabal/microros_ws/build/velocity_publisher -- -j8 -l8
[0.137s] Invoking command in '/home/aristizabal/microros_ws/build/velocity_publisher': CMAKE_PREFIX_PATH=${CMAKE_PREFIX_PATH}:/opt/ros/jazzy DEBUGINFOD_URLS=https://debuginfod.ubuntu.com /usr/bin/cmake --install /home/aristizabal/microros_ws/build/velocity_publisher
[0.151s] -- Install configuration: ""
[0.151s] -- Up-to-date: /home/aristizabal/microros_ws/install/velocity_publisher/share/velocity_publisher//scripts
[0.152s] -- Up-to-date: /home/aristizabal/microros_ws/install/velocity_publisher/share/velocity_publisher//scripts/move_robot_service.py
[0.152s] -- Up-to-date: /home/aristizabal/microros_ws/install/velocity_publisher/share/velocity_publisher//scripts/move_robot_client.py
[0.153s] -- Installing: /home/aristizabal/microros_ws/install/velocity_publisher/share/velocity_publisher//scripts/robot_control_cmd_vel.py
[0.153s] -- Up-to-date: /home/aristizabal/microros_ws/install/velocity_publisher/share/velocity_publisher//launch
[0.153s] -- Up-to-date: /home/aristizabal/microros_ws/install/velocity_publisher/share/velocity_publisher//launch/brazo_rover_control.launch.py
[0.153s] -- Installing: /home/aristizabal/microros_ws/install/velocity_publisher/lib/velocity_publisher/robot_control_cmd_vel.py
[0.153s] -- Up-to-date: /home/aristizabal/microros_ws/install/velocity_publisher/lib/velocity_publisher/move_robot_service.py
[0.154s] -- Up-to-date: /home/aristizabal/microros_ws/install/velocity_publisher/lib/velocity_publisher/brazo_rover_control.launch.py
[0.154s] -- Up-to-date: /home/aristizabal/microros_ws/install/velocity_publisher/share/ament_index/resource_index/package_run_dependencies/velocity_publisher
[0.154s] -- Up-to-date: /home/aristizabal/microros_ws/install/velocity_publisher/share/ament_index/resource_index/parent_prefix_path/velocity_publisher
[0.154s] -- Up-to-date: /home/aristizabal/microros_ws/install/velocity_publisher/share/velocity_publisher/environment/ament_prefix_path.sh
[0.154s] -- Up-to-date: /home/aristizabal/microros_ws/install/velocity_publisher/share/velocity_publisher/environment/ament_prefix_path.dsv
[0.154s] -- Up-to-date: /home/aristizabal/microros_ws/install/velocity_publisher/share/velocity_publisher/environment/path.sh
[0.154s] -- Up-to-date: /home/aristizabal/microros_ws/install/velocity_publisher/share/velocity_publisher/environment/path.dsv
[0.155s] -- Up-to-date: /home/aristizabal/microros_ws/install/velocity_publisher/share/velocity_publisher/local_setup.bash
[0.155s] -- Up-to-date: /home/aristizabal/microros_ws/install/velocity_publisher/share/velocity_publisher/local_setup.sh
[0.155s] -- Up-to-date: /home/aristizabal/microros_ws/install/velocity_publisher/share/velocity_publisher/local_setup.zsh
[0.155s] -- Up-to-date: /home/aristizabal/microros_ws/install/velocity_publisher/share/velocity_publisher/local_setup.dsv
[0.156s] -- Installing: /home/aristizabal/microros_ws/install/velocity_publisher/share/velocity_publisher/package.dsv
[0.157s] -- Up-to-date: /home/aristizabal/microros_ws/install/velocity_publisher/share/ament_index/resource_index/packages/velocity_publisher
[0.158s] -- Up-to-date: /home/aristizabal/microros_ws/install/velocity_publisher/share/velocity_publisher/cmake/velocity_publisherConfig.cmake
[0.158s] -- Up-to-date: /home/aristizabal/microros_ws/install/velocity_publisher/share/velocity_publisher/cmake/velocity_publisherConfig-version.cmake
[0.158s] -- Up-to-date: /home/aristizabal/microros_ws/install/velocity_publisher/share/velocity_publisher/package.xml
[0.159s] Invoked command in '/home/aristizabal/microros_ws/build/velocity_publisher' returned '0': CMAKE_PREFIX_PATH=${CMAKE_PREFIX_PATH}:/opt/ros/jazzy DEBUGINFOD_URLS=https://debuginfod.ubuntu.com /usr/bin/cmake --install /home/aristizabal/microros_ws/build/velocity_publisher
