[0.040s] Invoking command in '/home/aristizabal/microros_ws/build/velocity_publisher': CMAKE_PREFIX_PATH=${CMAKE_PREFIX_PATH}:/opt/ros/jazzy DEBUGINFOD_URLS=https://debuginfod.ubuntu.com /usr/bin/cmake --build /home/aristizabal/microros_ws/build/velocity_publisher -- -j8 -l8
[0.195s] Invoked command in '/home/aristizabal/microros_ws/build/velocity_publisher' returned '0': CMAKE_PREFIX_PATH=${CMAKE_PREFIX_PATH}:/opt/ros/jazzy DEBUGINFOD_URLS=https://debuginfod.ubuntu.com /usr/bin/cmake --build /home/aristizabal/microros_ws/build/velocity_publisher -- -j8 -l8
[0.232s] Invoking command in '/home/aristizabal/microros_ws/build/velocity_publisher': CMAKE_PREFIX_PATH=${CMAKE_PREFIX_PATH}:/opt/ros/jazzy DEBUGINFOD_URLS=https://debuginfod.ubuntu.com /usr/bin/cmake --install /home/aristizabal/microros_ws/build/velocity_publisher
[0.258s] -- Install configuration: ""
[0.258s] -- Up-to-date: /home/aristizabal/microros_ws/install/velocity_publisher/share/velocity_publisher//scripts
[0.258s] -- Up-to-date: /home/aristizabal/microros_ws/install/velocity_publisher/share/velocity_publisher//scripts/move_robot_service.py
[0.259s] -- Up-to-date: /home/aristizabal/microros_ws/install/velocity_publisher/share/velocity_publisher//scripts/move_robot_client.py
[0.259s] -- Up-to-date: /home/aristizabal/microros_ws/install/velocity_publisher/share/velocity_publisher//scripts/robot_control_cmd_vel.py
[0.260s] -- Up-to-date: /home/aristizabal/microros_ws/install/velocity_publisher/share/velocity_publisher//launch
[0.260s] -- Installing: /home/aristizabal/microros_ws/install/velocity_publisher/share/velocity_publisher//launch/brazo_rover_control.launch.py
[0.260s] -- Up-to-date: /home/aristizabal/microros_ws/install/velocity_publisher/lib/velocity_publisher/robot_control_cmd_vel.py
[0.261s] -- Up-to-date: /home/aristizabal/microros_ws/install/velocity_publisher/lib/velocity_publisher/move_robot_service.py
[0.261s] -- Installing: /home/aristizabal/microros_ws/install/velocity_publisher/lib/velocity_publisher/brazo_rover_control.launch.py
[0.262s] -- Up-to-date: /home/aristizabal/microros_ws/install/velocity_publisher/share/ament_index/resource_index/package_run_dependencies/velocity_publisher
[0.262s] -- Up-to-date: /home/aristizabal/microros_ws/install/velocity_publisher/share/ament_index/resource_index/parent_prefix_path/velocity_publisher
[0.262s] -- Up-to-date: /home/aristizabal/microros_ws/install/velocity_publisher/share/velocity_publisher/environment/ament_prefix_path.sh
[0.262s] -- Up-to-date: /home/aristizabal/microros_ws/install/velocity_publisher/share/velocity_publisher/environment/ament_prefix_path.dsv
[0.263s] -- Up-to-date: /home/aristizabal/microros_ws/install/velocity_publisher/share/velocity_publisher/environment/path.sh
[0.263s] -- Up-to-date: /home/aristizabal/microros_ws/install/velocity_publisher/share/velocity_publisher/environment/path.dsv
[0.263s] -- Up-to-date: /home/aristizabal/microros_ws/install/velocity_publisher/share/velocity_publisher/local_setup.bash
[0.264s] -- Up-to-date: /home/aristizabal/microros_ws/install/velocity_publisher/share/velocity_publisher/local_setup.sh
[0.264s] -- Up-to-date: /home/aristizabal/microros_ws/install/velocity_publisher/share/velocity_publisher/local_setup.zsh
[0.264s] -- Up-to-date: /home/aristizabal/microros_ws/install/velocity_publisher/share/velocity_publisher/local_setup.dsv
[0.264s] -- Up-to-date: /home/aristizabal/microros_ws/install/velocity_publisher/share/velocity_publisher/package.dsv
[0.265s] -- Up-to-date: /home/aristizabal/microros_ws/install/velocity_publisher/share/ament_index/resource_index/packages/velocity_publisher
[0.265s] -- Up-to-date: /home/aristizabal/microros_ws/install/velocity_publisher/share/velocity_publisher/cmake/velocity_publisherConfig.cmake
[0.266s] -- Up-to-date: /home/aristizabal/microros_ws/install/velocity_publisher/share/velocity_publisher/cmake/velocity_publisherConfig-version.cmake
[0.267s] -- Up-to-date: /home/aristizabal/microros_ws/install/velocity_publisher/share/velocity_publisher/package.xml
[0.269s] Invoked command in '/home/aristizabal/microros_ws/build/velocity_publisher' returned '0': CMAKE_PREFIX_PATH=${CMAKE_PREFIX_PATH}:/opt/ros/jazzy DEBUGINFOD_URLS=https://debuginfod.ubuntu.com /usr/bin/cmake --install /home/aristizabal/microros_ws/build/velocity_publisher
