[0.040s] Invoking command in '/home/aristizabal/microros_ws/build/brazo_robert': CMAKE_PREFIX_PATH=${CMAKE_PREFIX_PATH}:/opt/ros/jazzy DEBUGINFOD_URLS=https://debuginfod.ubuntu.com /usr/bin/cmake /home/aristizabal/microros_ws/src/brazo_robert -DCMAKE_INSTALL_PREFIX=/home/aristizabal/microros_ws/install/brazo_robert
[0.081s] -- Found ament_cmake: 2.5.3 (/opt/ros/jazzy/share/ament_cmake/cmake)
[0.698s] -- Override CMake install command with custom implementation using symlinks instead of copying resources
[0.727s] -- Found ament_lint_auto: 0.17.1 (/opt/ros/jazzy/share/ament_lint_auto/cmake)
[1.024s] -- Added test 'flake8' to check Python code syntax and style conventions
[1.024s] -- Configured 'flake8' exclude dirs and/or files: 
[1.026s] -- Added test 'lint_cmake' to check CMake code style
[1.028s] -- Added test 'pep257' to check Python code against some of the docstring style conventions in PEP 257
[1.035s] -- Added test 'xmllint' to check XML markup files
[1.038s] -- Configuring done (1.0s)
[1.048s] -- Generating done (0.0s)
[1.052s] -- Build files have been written to: /home/aristizabal/microros_ws/build/brazo_robert
[1.061s] Invoked command in '/home/aristizabal/microros_ws/build/brazo_robert' returned '0': CMAKE_PREFIX_PATH=${CMAKE_PREFIX_PATH}:/opt/ros/jazzy DEBUGINFOD_URLS=https://debuginfod.ubuntu.com /usr/bin/cmake /home/aristizabal/microros_ws/src/brazo_robert -DCMAKE_INSTALL_PREFIX=/home/aristizabal/microros_ws/install/brazo_robert
[1.066s] Invoking command in '/home/aristizabal/microros_ws/build/brazo_robert': CMAKE_PREFIX_PATH=${CMAKE_PREFIX_PATH}:/opt/ros/jazzy DEBUGINFOD_URLS=https://debuginfod.ubuntu.com /usr/bin/cmake --build /home/aristizabal/microros_ws/build/brazo_robert -- -j8 -l8
[1.194s] Invoked command in '/home/aristizabal/microros_ws/build/brazo_robert' returned '0': CMAKE_PREFIX_PATH=${CMAKE_PREFIX_PATH}:/opt/ros/jazzy DEBUGINFOD_URLS=https://debuginfod.ubuntu.com /usr/bin/cmake --build /home/aristizabal/microros_ws/build/brazo_robert -- -j8 -l8
[1.224s] Invoking command in '/home/aristizabal/microros_ws/build/brazo_robert': CMAKE_PREFIX_PATH=${CMAKE_PREFIX_PATH}:/opt/ros/jazzy DEBUGINFOD_URLS=https://debuginfod.ubuntu.com /usr/bin/cmake --install /home/aristizabal/microros_ws/build/brazo_robert
[1.253s] -- Install configuration: ""
[1.254s] -- Execute custom install script
[1.255s] -- Up-to-date symlink: /home/aristizabal/microros_ws/install/brazo_robert/share/brazo_robert/urdf/brazo_robert.sdf
[1.255s] -- Up-to-date symlink: /home/aristizabal/microros_ws/install/brazo_robert/share/brazo_robert/urdf/brazo_robert.urdf
[1.256s] -- Up-to-date symlink: /home/aristizabal/microros_ws/install/brazo_robert/share/brazo_robert/urdf/brazo_robert.urdf.xacro
[1.256s] -- Up-to-date symlink: /home/aristizabal/microros_ws/install/brazo_robert/share/brazo_robert/urdf/brazo_robert.xacro
[1.257s] -- Up-to-date symlink: /home/aristizabal/microros_ws/install/brazo_robert/share/brazo_robert/launch/brazo.launch.py
[1.257s] -- Up-to-date symlink: /home/aristizabal/microros_ws/install/brazo_robert/share/brazo_robert/launch/brazo_robert.launch.py
[1.257s] -- Up-to-date symlink: /home/aristizabal/microros_ws/install/brazo_robert/share/brazo_robert/launch/brazo_robert_gazebo.launch.py
[1.258s] -- Up-to-date symlink: /home/aristizabal/microros_ws/install/brazo_robert/share/brazo_robert/rviz/rviz_configRobertUN.rviz
[1.258s] -- Up-to-date symlink: /home/aristizabal/microros_ws/install/brazo_robert/share/brazo_robert/worlds/empty.sdf
[1.259s] -- Up-to-date symlink: /home/aristizabal/microros_ws/install/brazo_robert/share/brazo_robert/worlds/fws_robot_world.sdf
[1.259s] -- Up-to-date symlink: /home/aristizabal/microros_ws/install/brazo_robert/share/brazo_robert/worlds/moon.sdf
[1.259s] -- Up-to-date symlink: /home/aristizabal/microros_ws/install/brazo_robert/share/brazo_robert/worlds/test_world.world
[1.260s] -- Up-to-date symlink: /home/aristizabal/microros_ws/install/brazo_robert/share/ament_index/resource_index/package_run_dependencies/brazo_robert
[1.260s] -- Up-to-date symlink: /home/aristizabal/microros_ws/install/brazo_robert/share/ament_index/resource_index/parent_prefix_path/brazo_robert
[1.261s] -- Up-to-date symlink: /home/aristizabal/microros_ws/install/brazo_robert/share/brazo_robert/environment/ament_prefix_path.sh
[1.261s] -- Up-to-date symlink: /home/aristizabal/microros_ws/install/brazo_robert/share/brazo_robert/environment/ament_prefix_path.dsv
[1.261s] -- Up-to-date symlink: /home/aristizabal/microros_ws/install/brazo_robert/share/brazo_robert/environment/path.sh
[1.262s] -- Up-to-date symlink: /home/aristizabal/microros_ws/install/brazo_robert/share/brazo_robert/environment/path.dsv
[1.262s] -- Up-to-date symlink: /home/aristizabal/microros_ws/install/brazo_robert/share/brazo_robert/local_setup.bash
[1.262s] -- Up-to-date symlink: /home/aristizabal/microros_ws/install/brazo_robert/share/brazo_robert/local_setup.sh
[1.263s] -- Up-to-date symlink: /home/aristizabal/microros_ws/install/brazo_robert/share/brazo_robert/local_setup.zsh
[1.263s] -- Up-to-date symlink: /home/aristizabal/microros_ws/install/brazo_robert/share/brazo_robert/local_setup.dsv
[1.263s] -- Symlinking: /home/aristizabal/microros_ws/install/brazo_robert/share/brazo_robert/package.dsv
[1.296s] -- Up-to-date symlink: /home/aristizabal/microros_ws/install/brazo_robert/share/ament_index/resource_index/packages/brazo_robert
[1.297s] -- Up-to-date symlink: /home/aristizabal/microros_ws/install/brazo_robert/share/brazo_robert/cmake/brazo_robertConfig.cmake
[1.297s] -- Up-to-date symlink: /home/aristizabal/microros_ws/install/brazo_robert/share/brazo_robert/cmake/brazo_robertConfig-version.cmake
[1.297s] -- Up-to-date symlink: /home/aristizabal/microros_ws/install/brazo_robert/share/brazo_robert/package.xml
[1.305s] Invoked command in '/home/aristizabal/microros_ws/build/brazo_robert' returned '0': CMAKE_PREFIX_PATH=${CMAKE_PREFIX_PATH}:/opt/ros/jazzy DEBUGINFOD_URLS=https://debuginfod.ubuntu.com /usr/bin/cmake --install /home/aristizabal/microros_ws/build/brazo_robert
