[0.024s] Invoking command in '/home/aristizabal/microros_ws/build/velocity_publisher': CMAKE_PREFIX_PATH=${CMAKE_PREFIX_PATH}:/opt/ros/jazzy DEBUGINFOD_URLS=https://debuginfod.ubuntu.com /usr/bin/cmake /home/aristizabal/microros_ws/src/velocity_publisher -DCMAKE_INSTALL_PREFIX=/home/aristizabal/microros_ws/install/velocity_publisher
[0.054s] -- Found ament_cmake: 2.5.3 (/opt/ros/jazzy/share/ament_cmake/cmake)
[0.380s] -- Override CMake install command with custom implementation using symlinks instead of copying resources
[0.403s] -- Found rclcpp: 28.1.6 (/opt/ros/jazzy/share/rclcpp/cmake)
[0.455s] -- Found rosidl_generator_c: 4.6.5 (/opt/ros/jazzy/share/rosidl_generator_c/cmake)
[0.469s] -- Found rosidl_generator_cpp: 4.6.5 (/opt/ros/jazzy/share/rosidl_generator_cpp/cmake)
[0.486s] -- Using all available rosidl_typesupport_c: rosidl_typesupport_fastrtps_c;rosidl_typesupport_introspection_c
[0.508s] -- Using all available rosidl_typesupport_cpp: rosidl_typesupport_fastrtps_cpp;rosidl_typesupport_introspection_cpp
[0.610s] -- Found rmw_implementation_cmake: 7.3.1 (/opt/ros/jazzy/share/rmw_implementation_cmake/cmake)
[0.613s] -- Found rmw_fastrtps_cpp: 8.4.1 (/opt/ros/jazzy/share/rmw_fastrtps_cpp/cmake)
[0.725s] -- Using RMW implementation 'rmw_fastrtps_cpp' as default
[0.823s] -- Found geometry_msgs: 5.3.5 (/opt/ros/jazzy/share/geometry_msgs/cmake)
[1.039s] -- Configuring done (1.0s)
[1.049s] -- Generating done (0.0s)
[1.052s] -- Build files have been written to: /home/aristizabal/microros_ws/build/velocity_publisher
[1.067s] Invoked command in '/home/aristizabal/microros_ws/build/velocity_publisher' returned '0': CMAKE_PREFIX_PATH=${CMAKE_PREFIX_PATH}:/opt/ros/jazzy DEBUGINFOD_URLS=https://debuginfod.ubuntu.com /usr/bin/cmake /home/aristizabal/microros_ws/src/velocity_publisher -DCMAKE_INSTALL_PREFIX=/home/aristizabal/microros_ws/install/velocity_publisher
[1.071s] Invoking command in '/home/aristizabal/microros_ws/build/velocity_publisher': CMAKE_PREFIX_PATH=${CMAKE_PREFIX_PATH}:/opt/ros/jazzy DEBUGINFOD_URLS=https://debuginfod.ubuntu.com /usr/bin/cmake --build /home/aristizabal/microros_ws/build/velocity_publisher -- -j8 -l8
[1.156s] Invoked command in '/home/aristizabal/microros_ws/build/velocity_publisher' returned '0': CMAKE_PREFIX_PATH=${CMAKE_PREFIX_PATH}:/opt/ros/jazzy DEBUGINFOD_URLS=https://debuginfod.ubuntu.com /usr/bin/cmake --build /home/aristizabal/microros_ws/build/velocity_publisher -- -j8 -l8
[1.176s] Invoking command in '/home/aristizabal/microros_ws/build/velocity_publisher': CMAKE_PREFIX_PATH=${CMAKE_PREFIX_PATH}:/opt/ros/jazzy DEBUGINFOD_URLS=https://debuginfod.ubuntu.com /usr/bin/cmake --install /home/aristizabal/microros_ws/build/velocity_publisher
[1.192s] -- Install configuration: ""
[1.192s] -- Execute custom install script
[1.193s] -- Up-to-date symlink: /home/aristizabal/microros_ws/install/velocity_publisher/share/velocity_publisher//scripts/move_robot_client.py
[1.193s] -- Up-to-date symlink: /home/aristizabal/microros_ws/install/velocity_publisher/share/velocity_publisher//scripts/move_robot_service.py
[1.193s] -- Up-to-date symlink: /home/aristizabal/microros_ws/install/velocity_publisher/share/velocity_publisher//scripts/robot_control_cmd_vel.py
[1.194s] -- Up-to-date symlink: /home/aristizabal/microros_ws/install/velocity_publisher/share/velocity_publisher//launch/brazo_rover_control.launch.py
[1.194s] -- Up-to-date symlink: /home/aristizabal/microros_ws/install/velocity_publisher/lib/velocity_publisher/robot_control_cmd_vel.py
[1.195s] -- Up-to-date symlink: /home/aristizabal/microros_ws/install/velocity_publisher/lib/velocity_publisher/move_robot_service.py
[1.195s] -- Up-to-date symlink: /home/aristizabal/microros_ws/install/velocity_publisher/lib/velocity_publisher/brazo_rover_control.launch.py
[1.195s] -- Up-to-date symlink: /home/aristizabal/microros_ws/install/velocity_publisher/share/ament_index/resource_index/package_run_dependencies/velocity_publisher
[1.195s] -- Up-to-date symlink: /home/aristizabal/microros_ws/install/velocity_publisher/share/ament_index/resource_index/parent_prefix_path/velocity_publisher
[1.196s] -- Up-to-date symlink: /home/aristizabal/microros_ws/install/velocity_publisher/share/velocity_publisher/environment/ament_prefix_path.sh
[1.196s] -- Up-to-date symlink: /home/aristizabal/microros_ws/install/velocity_publisher/share/velocity_publisher/environment/ament_prefix_path.dsv
[1.197s] -- Up-to-date symlink: /home/aristizabal/microros_ws/install/velocity_publisher/share/velocity_publisher/environment/path.sh
[1.197s] -- Up-to-date symlink: /home/aristizabal/microros_ws/install/velocity_publisher/share/velocity_publisher/environment/path.dsv
[1.197s] -- Up-to-date symlink: /home/aristizabal/microros_ws/install/velocity_publisher/share/velocity_publisher/local_setup.bash
[1.198s] -- Up-to-date symlink: /home/aristizabal/microros_ws/install/velocity_publisher/share/velocity_publisher/local_setup.sh
[1.198s] -- Up-to-date symlink: /home/aristizabal/microros_ws/install/velocity_publisher/share/velocity_publisher/local_setup.zsh
[1.198s] -- Up-to-date symlink: /home/aristizabal/microros_ws/install/velocity_publisher/share/velocity_publisher/local_setup.dsv
[1.198s] -- Symlinking: /home/aristizabal/microros_ws/install/velocity_publisher/share/velocity_publisher/package.dsv
[1.220s] -- Up-to-date symlink: /home/aristizabal/microros_ws/install/velocity_publisher/share/ament_index/resource_index/packages/velocity_publisher
[1.221s] -- Up-to-date symlink: /home/aristizabal/microros_ws/install/velocity_publisher/share/velocity_publisher/cmake/velocity_publisherConfig.cmake
[1.221s] -- Up-to-date symlink: /home/aristizabal/microros_ws/install/velocity_publisher/share/velocity_publisher/cmake/velocity_publisherConfig-version.cmake
[1.221s] -- Up-to-date symlink: /home/aristizabal/microros_ws/install/velocity_publisher/share/velocity_publisher/package.xml
[1.227s] Invoked command in '/home/aristizabal/microros_ws/build/velocity_publisher' returned '0': CMAKE_PREFIX_PATH=${CMAKE_PREFIX_PATH}:/opt/ros/jazzy DEBUGINFOD_URLS=https://debuginfod.ubuntu.com /usr/bin/cmake --install /home/aristizabal/microros_ws/build/velocity_publisher
