-- The C compiler identification is GNU 13.3.0
-- The CXX compiler identification is GNU 13.3.0
-- Detecting C compiler ABI info
-- Detecting C compiler ABI info - done
-- Check for working C compiler: /usr/bin/cc - skipped
-- Detecting C compile features
-- Detecting C compile features - done
-- Detecting CXX compiler ABI info
-- Detecting CXX compiler ABI info - done
-- Check for working CXX compiler: /usr/bin/c++ - skipped
-- Detecting CXX compile features
-- Detecting CXX compile features - done
-- Found ament_cmake: 2.5.3 (/opt/ros/jazzy/share/ament_cmake/cmake)
-- Found Python3: /usr/bin/python3 (found version "3.12.3") found components: Interpreter 
-- Override CMake install command with custom implementation using symlinks instead of copying resources
-- Found ament_lint_auto: 0.17.1 (/opt/ros/jazzy/share/ament_lint_auto/cmake)
-- Added test 'flake8' to check Python code syntax and style conventions
-- Configured 'flake8' exclude dirs and/or files: 
-- Added test 'lint_cmake' to check CMake code style
-- Added test 'pep257' to check Python code against some of the docstring style conventions in PEP 257
-- Added test 'xmllint' to check XML markup files
-- Configuring done (3.4s)
-- Generating done (0.0s)
-- Build files have been written to: /home/aristizabal/microros_ws/build/brazo_robert
-- Install configuration: ""
-- Execute custom install script
-- Symlinking: /home/aristizabal/microros_ws/install/brazo_robert/share/brazo_robert/urdf/brazo_robert.sdf
-- Symlinking: /home/aristizabal/microros_ws/install/brazo_robert/share/brazo_robert/urdf/brazo_robert.urdf
-- Symlinking: /home/aristizabal/microros_ws/install/brazo_robert/share/brazo_robert/urdf/brazo_robert.urdf.xacro
-- Symlinking: /home/aristizabal/microros_ws/install/brazo_robert/share/brazo_robert/urdf/brazo_robert.xacro
-- Symlinking: /home/aristizabal/microros_ws/install/brazo_robert/share/brazo_robert/launch/brazo.launch.py
-- Symlinking: /home/aristizabal/microros_ws/install/brazo_robert/share/brazo_robert/launch/brazo_robert.launch.py
-- Symlinking: /home/aristizabal/microros_ws/install/brazo_robert/share/brazo_robert/launch/brazo_robert_gazebo.launch.py
-- Symlinking: /home/aristizabal/microros_ws/install/brazo_robert/share/brazo_robert/rviz/rviz_configRobertUN.rviz
-- Symlinking: /home/aristizabal/microros_ws/install/brazo_robert/share/brazo_robert/worlds/empty.sdf
-- Symlinking: /home/aristizabal/microros_ws/install/brazo_robert/share/brazo_robert/worlds/fws_robot_world.sdf
-- Symlinking: /home/aristizabal/microros_ws/install/brazo_robert/share/brazo_robert/worlds/moon.sdf
-- Symlinking: /home/aristizabal/microros_ws/install/brazo_robert/share/brazo_robert/worlds/test_world.world
-- Symlinking: /home/aristizabal/microros_ws/install/brazo_robert/share/ament_index/resource_index/package_run_dependencies/brazo_robert
-- Symlinking: /home/aristizabal/microros_ws/install/brazo_robert/share/ament_index/resource_index/parent_prefix_path/brazo_robert
-- Symlinking: /home/aristizabal/microros_ws/install/brazo_robert/share/brazo_robert/environment/ament_prefix_path.sh
-- Symlinking: /home/aristizabal/microros_ws/install/brazo_robert/share/brazo_robert/environment/ament_prefix_path.dsv
-- Symlinking: /home/aristizabal/microros_ws/install/brazo_robert/share/brazo_robert/environment/path.sh
-- Symlinking: /home/aristizabal/microros_ws/install/brazo_robert/share/brazo_robert/environment/path.dsv
-- Symlinking: /home/aristizabal/microros_ws/install/brazo_robert/share/brazo_robert/local_setup.bash
-- Symlinking: /home/aristizabal/microros_ws/install/brazo_robert/share/brazo_robert/local_setup.sh
-- Symlinking: /home/aristizabal/microros_ws/install/brazo_robert/share/brazo_robert/local_setup.zsh
-- Symlinking: /home/aristizabal/microros_ws/install/brazo_robert/share/brazo_robert/local_setup.dsv
-- Symlinking: /home/aristizabal/microros_ws/install/brazo_robert/share/brazo_robert/package.dsv
-- Symlinking: /home/aristizabal/microros_ws/install/brazo_robert/share/ament_index/resource_index/packages/brazo_robert
-- Symlinking: /home/aristizabal/microros_ws/install/brazo_robert/share/brazo_robert/cmake/brazo_robertConfig.cmake
-- Symlinking: /home/aristizabal/microros_ws/install/brazo_robert/share/brazo_robert/cmake/brazo_robertConfig-version.cmake
-- Symlinking: /home/aristizabal/microros_ws/install/brazo_robert/share/brazo_robert/package.xml
